2023/12/21 12:57:45 [warn] 7#7: the "user" directive makes sense only if the master process runs with super-user privileges, ignored in /etc/nginx/nginx.conf:1
2023/12/21 12:57:45 [emerg] 7#7: open() "/run/nginx.pid" failed (13: Permission denied)
2023/12/21 12:57:45 [warn] 7#7: the "user" directive makes sense only if the master process runs with super-user privileges, ignored in /etc/nginx/nginx.conf:1
2023/12/21 12:57:45 [emerg] 7#7: open() "/run/nginx.pid" failed (13: Permission denied)
2023/12/21 12:57:45 [warn] 7#7: the "user" directive makes sense only if the master process runs with super-user privileges, ignored in /etc/nginx/nginx.conf:1
2023/12/21 12:57:45 [emerg] 7#7: open() "/run/nginx.pid" failed (13: Permission denied)
2023/12/21 12:57:46 [warn] 7#7: the "user" directive makes sense only if the master process runs with super-user privileges, ignored in /etc/nginx/nginx.conf:1
2023/12/21 12:57:46 [emerg] 7#7: open() "/run/nginx.pid" failed (13: Permission denied)
2023/12/21 12:57:47 [warn] 7#7: the "user" directive makes sense only if the master process runs with super-user privileges, ignored in /etc/nginx/nginx.conf:1
2023/12/21 12:57:47 [emerg] 7#7: open() "/run/nginx.pid" failed (13: Permission denied)
2023/12/21 12:57:49 [warn] 7#7: the "user" directive makes sense only if the master process runs with super-user privileges, ignored in /etc/nginx/nginx.conf:1
2023/12/21 12:57:49 [emerg] 7#7: open() "/run/nginx.pid" failed (13: Permission denied)
2023/12/21 12:57:52 [warn] 7#7: the "user" directive makes sense only if the master process runs with super-user privileges, ignored in /etc/nginx/nginx.conf:1
2023/12/21 12:57:52 [emerg] 7#7: open() "/run/nginx.pid" failed (13: Permission denied)
2023/12/21 12:57:59 [warn] 7#7: the "user" directive makes sense only if the master process runs with super-user privileges, ignored in /etc/nginx/nginx.conf:1
2023/12/21 12:57:59 [emerg] 7#7: open() "/run/nginx.pid" failed (13: Permission denied)
2023/12/21 12:58:12 [warn] 7#7: the "user" directive makes sense only if the master process runs with super-user privileges, ignored in /etc/nginx/nginx.conf:1
2023/12/21 12:58:12 [emerg] 7#7: open() "/run/nginx.pid" failed (13: Permission denied)
2023/12/21 12:58:37 [warn] 6#6: the "user" directive makes sense only if the master process runs with super-user privileges, ignored in /etc/nginx/nginx.conf:1
2023/12/21 12:58:37 [emerg] 6#6: open() "/run/nginx.pid" failed (13: Permission denied)
2023/12/21 12:59:29 [warn] 7#7: the "user" directive makes sense only if the master process runs with super-user privileges, ignored in /etc/nginx/nginx.conf:1
2023/12/21 12:59:29 [emerg] 7#7: open() "/run/nginx.pid" failed (13: Permission denied)
2023/12/21 13:00:29 [warn] 7#7: the "user" directive makes sense only if the master process runs with super-user privileges, ignored in /etc/nginx/nginx.conf:1
2023/12/21 13:00:29 [emerg] 7#7: open() "/run/nginx.pid" failed (13: Permission denied)
2023/12/21 13:00:35 [emerg] 7#7: open() "/run/nginx.pid" failed (13: Permission denied)
2023/12/21 13:00:36 [emerg] 7#7: open() "/run/nginx.pid" failed (13: Permission denied)
2023/12/21 13:00:36 [emerg] 7#7: open() "/run/nginx.pid" failed (13: Permission denied)
2023/12/21 13:00:36 [emerg] 7#7: open() "/run/nginx.pid" failed (13: Permission denied)
2023/12/21 13:00:37 [emerg] 7#7: open() "/run/nginx.pid" failed (13: Permission denied)
2023/12/21 13:00:39 [emerg] 7#7: open() "/run/nginx.pid" failed (13: Permission denied)
2023/12/21 13:00:42 [emerg] 7#7: open() "/run/nginx.pid" failed (13: Permission denied)
2023/12/21 13:00:49 [emerg] 7#7: open() "/run/nginx.pid" failed (13: Permission denied)
2023/12/21 13:01:02 [emerg] 7#7: open() "/run/nginx.pid" failed (13: Permission denied)
2023/12/21 13:01:28 [emerg] 7#7: open() "/run/nginx.pid" failed (13: Permission denied)
2023/12/21 13:02:19 [emerg] 7#7: open() "/run/nginx.pid" failed (13: Permission denied)
2023/12/21 13:03:19 [emerg] 7#7: open() "/run/nginx.pid" failed (13: Permission denied)
2023/12/21 13:04:19 [emerg] 7#7: open() "/run/nginx.pid" failed (13: Permission denied)
2023/12/21 13:05:20 [emerg] 7#7: open() "/run/nginx.pid" failed (13: Permission denied)
2023/12/21 13:06:05 [emerg] 7#7: open() "/var/run/nginx.pid" failed (13: Permission denied)
2023/12/21 13:06:06 [emerg] 7#7: open() "/var/run/nginx.pid" failed (13: Permission denied)
2023/12/21 13:06:06 [emerg] 7#7: open() "/var/run/nginx.pid" failed (13: Permission denied)
2023/12/21 13:06:07 [emerg] 7#7: open() "/var/run/nginx.pid" failed (13: Permission denied)
2023/12/21 13:06:07 [emerg] 7#7: open() "/var/run/nginx.pid" failed (13: Permission denied)
2023/12/21 13:06:09 [emerg] 7#7: open() "/var/run/nginx.pid" failed (13: Permission denied)
2023/12/21 13:06:13 [emerg] 7#7: open() "/var/run/nginx.pid" failed (13: Permission denied)
2023/12/21 13:06:19 [emerg] 7#7: open() "/var/run/nginx.pid" failed (13: Permission denied)
2023/12/21 13:06:32 [emerg] 7#7: open() "/var/run/nginx.pid" failed (13: Permission denied)
2023/12/21 13:06:58 [emerg] 7#7: open() "/var/run/nginx.pid" failed (13: Permission denied)
2023/12/21 13:07:49 [emerg] 7#7: open() "/var/run/nginx.pid" failed (13: Permission denied)
2023/12/21 13:08:21 [emerg] 7#7: open() "/var/run/nginx.pid" failed (13: Permission denied)
2023/12/21 13:08:22 [emerg] 7#7: open() "/var/run/nginx.pid" failed (13: Permission denied)
2023/12/21 13:08:22 [emerg] 6#6: open() "/var/run/nginx.pid" failed (13: Permission denied)
2023/12/21 13:08:22 [emerg] 7#7: open() "/var/run/nginx.pid" failed (13: Permission denied)
2023/12/21 13:08:23 [emerg] 7#7: open() "/var/run/nginx.pid" failed (13: Permission denied)
2023/12/21 13:08:25 [emerg] 7#7: open() "/var/run/nginx.pid" failed (13: Permission denied)
2023/12/21 13:08:28 [emerg] 7#7: open() "/var/run/nginx.pid" failed (13: Permission denied)
2023/12/21 13:08:35 [emerg] 7#7: open() "/var/run/nginx.pid" failed (13: Permission denied)
2023/12/21 13:08:48 [emerg] 7#7: open() "/var/run/nginx.pid" failed (13: Permission denied)
2023/12/21 13:09:10 [warn] 7#7: the "user" directive makes sense only if the master process runs with super-user privileges, ignored in /etc/nginx/nginx.conf:1
2023/12/21 13:09:10 [emerg] 7#7: open() "/var/run/nginx.pid" failed (13: Permission denied)
2023/12/21 13:09:10 [warn] 7#7: the "user" directive makes sense only if the master process runs with super-user privileges, ignored in /etc/nginx/nginx.conf:1
2023/12/21 13:09:10 [emerg] 7#7: open() "/var/run/nginx.pid" failed (13: Permission denied)
2023/12/21 13:09:11 [warn] 7#7: the "user" directive makes sense only if the master process runs with super-user privileges, ignored in /etc/nginx/nginx.conf:1
2023/12/21 13:09:11 [emerg] 7#7: open() "/var/run/nginx.pid" failed (13: Permission denied)
2023/12/21 13:09:11 [warn] 7#7: the "user" directive makes sense only if the master process runs with super-user privileges, ignored in /etc/nginx/nginx.conf:1
2023/12/21 13:09:11 [emerg] 7#7: open() "/var/run/nginx.pid" failed (13: Permission denied)
2023/12/21 13:09:12 [warn] 6#6: the "user" directive makes sense only if the master process runs with super-user privileges, ignored in /etc/nginx/nginx.conf:1
2023/12/21 13:09:12 [emerg] 6#6: open() "/var/run/nginx.pid" failed (13: Permission denied)
2023/12/21 13:09:14 [warn] 7#7: the "user" directive makes sense only if the master process runs with super-user privileges, ignored in /etc/nginx/nginx.conf:1
2023/12/21 13:09:14 [emerg] 7#7: open() "/var/run/nginx.pid" failed (13: Permission denied)
2023/12/21 13:09:17 [warn] 7#7: the "user" directive makes sense only if the master process runs with super-user privileges, ignored in /etc/nginx/nginx.conf:1
2023/12/21 13:09:17 [emerg] 7#7: open() "/var/run/nginx.pid" failed (13: Permission denied)
2023/12/21 13:09:24 [warn] 7#7: the "user" directive makes sense only if the master process runs with super-user privileges, ignored in /etc/nginx/nginx.conf:1
2023/12/21 13:09:24 [emerg] 7#7: open() "/var/run/nginx.pid" failed (13: Permission denied)
2023/12/21 13:09:37 [warn] 7#7: the "user" directive makes sense only if the master process runs with super-user privileges, ignored in /etc/nginx/nginx.conf:1
2023/12/21 13:09:37 [emerg] 7#7: open() "/var/run/nginx.pid" failed (13: Permission denied)
2023/12/21 13:10:02 [warn] 7#7: the "user" directive makes sense only if the master process runs with super-user privileges, ignored in /etc/nginx/nginx.conf:1
2023/12/21 13:10:02 [emerg] 7#7: open() "/var/run/nginx.pid" failed (13: Permission denied)
2023/12/21 13:10:54 [warn] 7#7: the "user" directive makes sense only if the master process runs with super-user privileges, ignored in /etc/nginx/nginx.conf:1
2023/12/21 13:10:54 [emerg] 7#7: open() "/var/run/nginx.pid" failed (13: Permission denied)
2023/12/21 13:11:54 [warn] 7#7: the "user" directive makes sense only if the master process runs with super-user privileges, ignored in /etc/nginx/nginx.conf:1
2023/12/21 13:11:54 [emerg] 7#7: open() "/var/run/nginx.pid" failed (13: Permission denied)
2023/12/21 13:12:54 [warn] 7#7: the "user" directive makes sense only if the master process runs with super-user privileges, ignored in /etc/nginx/nginx.conf:1
2023/12/21 13:12:54 [emerg] 7#7: open() "/var/run/nginx.pid" failed (13: Permission denied)
2023/12/21 13:13:54 [warn] 7#7: the "user" directive makes sense only if the master process runs with super-user privileges, ignored in /etc/nginx/nginx.conf:1
2023/12/21 13:13:54 [emerg] 7#7: open() "/var/run/nginx.pid" failed (13: Permission denied)
2023/12/21 13:14:54 [warn] 7#7: the "user" directive makes sense only if the master process runs with super-user privileges, ignored in /etc/nginx/nginx.conf:1
2023/12/21 13:14:54 [emerg] 7#7: open() "/var/run/nginx.pid" failed (13: Permission denied)
2023/12/21 13:15:55 [warn] 7#7: the "user" directive makes sense only if the master process runs with super-user privileges, ignored in /etc/nginx/nginx.conf:1
2023/12/21 13:15:55 [emerg] 7#7: open() "/var/run/nginx.pid" failed (13: Permission denied)
2023/12/21 13:16:55 [warn] 7#7: the "user" directive makes sense only if the master process runs with super-user privileges, ignored in /etc/nginx/nginx.conf:1
2023/12/21 13:16:55 [emerg] 7#7: open() "/var/run/nginx.pid" failed (13: Permission denied)
2023/12/21 13:17:55 [warn] 7#7: the "user" directive makes sense only if the master process runs with super-user privileges, ignored in /etc/nginx/nginx.conf:1
2023/12/21 13:17:55 [emerg] 7#7: open() "/var/run/nginx.pid" failed (13: Permission denied)
2023/12/21 13:18:55 [warn] 7#7: the "user" directive makes sense only if the master process runs with super-user privileges, ignored in /etc/nginx/nginx.conf:1
2023/12/21 13:18:55 [emerg] 7#7: open() "/var/run/nginx.pid" failed (13: Permission denied)
2023/12/21 13:19:55 [warn] 7#7: the "user" directive makes sense only if the master process runs with super-user privileges, ignored in /etc/nginx/nginx.conf:1
2023/12/21 13:19:55 [emerg] 7#7: open() "/var/run/nginx.pid" failed (13: Permission denied)
2023/12/21 13:20:55 [warn] 7#7: the "user" directive makes sense only if the master process runs with super-user privileges, ignored in /etc/nginx/nginx.conf:1
2023/12/21 13:20:55 [emerg] 7#7: open() "/var/run/nginx.pid" failed (13: Permission denied)
2023/12/21 13:21:56 [warn] 7#7: the "user" directive makes sense only if the master process runs with super-user privileges, ignored in /etc/nginx/nginx.conf:1
2023/12/21 13:21:56 [emerg] 7#7: open() "/var/tmp/nginx/nginx.pid" failed (2: No such file or directory)
2023/12/21 13:22:56 [warn] 7#7: the "user" directive makes sense only if the master process runs with super-user privileges, ignored in /etc/nginx/nginx.conf:1
2023/12/21 13:22:56 [emerg] 7#7: open() "/var/tmp/nginx/nginx.pid" failed (2: No such file or directory)
2023/12/21 13:23:25 [warn] 7#7: the "user" directive makes sense only if the master process runs with super-user privileges, ignored in /etc/nginx/nginx.conf:1
2023/12/21 13:41:21 [emerg] 1#1: host not found in upstream "php-fpm:9000" in /etc/nginx/conf.d/default.conf:4
2023/12/21 13:41:22 [emerg] 1#1: host not found in upstream "php-fpm:9000" in /etc/nginx/conf.d/default.conf:4
2023/12/21 13:41:22 [emerg] 1#1: host not found in upstream "php-fpm:9000" in /etc/nginx/conf.d/default.conf:4
2023/12/21 13:41:23 [emerg] 1#1: host not found in upstream "php-fpm:9000" in /etc/nginx/conf.d/default.conf:4
2023/12/21 13:41:24 [emerg] 1#1: host not found in upstream "php-fpm:9000" in /etc/nginx/conf.d/default.conf:4
2023/12/21 13:41:25 [emerg] 1#1: host not found in upstream "php-fpm:9000" in /etc/nginx/conf.d/default.conf:4
2023/12/21 13:41:29 [emerg] 1#1: host not found in upstream "php-fpm:9000" in /etc/nginx/conf.d/default.conf:4
2023/12/21 13:41:35 [emerg] 1#1: host not found in upstream "php-fpm:9000" in /etc/nginx/conf.d/default.conf:4
2023/12/21 13:41:48 [emerg] 1#1: host not found in upstream "php-fpm:9000" in /etc/nginx/conf.d/default.conf:4
2023/12/21 13:42:14 [emerg] 1#1: host not found in upstream "php-fpm:9000" in /etc/nginx/conf.d/default.conf:4
2023/12/21 13:42:57 [warn] 1#1: the "listen ... http2" directive is deprecated, use the "http2" directive instead in /etc/nginx/conf.d/default.conf:27
2023/12/21 13:42:57 [emerg] 1#1: host not found in upstream "php-fpm" in /etc/nginx/wordpress.conf:24
2023/12/21 13:42:57 [warn] 1#1: the "listen ... http2" directive is deprecated, use the "http2" directive instead in /etc/nginx/conf.d/default.conf:27
2023/12/21 13:42:57 [emerg] 1#1: host not found in upstream "php-fpm" in /etc/nginx/wordpress.conf:24
2023/12/21 13:42:57 [warn] 1#1: the "listen ... http2" directive is deprecated, use the "http2" directive instead in /etc/nginx/conf.d/default.conf:27
2023/12/21 13:42:57 [emerg] 1#1: host not found in upstream "php-fpm" in /etc/nginx/wordpress.conf:24
2023/12/21 13:42:58 [warn] 1#1: the "listen ... http2" directive is deprecated, use the "http2" directive instead in /etc/nginx/conf.d/default.conf:27
2023/12/21 13:42:58 [emerg] 1#1: host not found in upstream "php-fpm" in /etc/nginx/wordpress.conf:24
2023/12/21 13:42:59 [warn] 1#1: the "listen ... http2" directive is deprecated, use the "http2" directive instead in /etc/nginx/conf.d/default.conf:27
2023/12/21 13:42:59 [emerg] 1#1: host not found in upstream "php-fpm" in /etc/nginx/wordpress.conf:24
2023/12/21 13:43:01 [warn] 1#1: the "listen ... http2" directive is deprecated, use the "http2" directive instead in /etc/nginx/conf.d/default.conf:27
2023/12/21 13:43:01 [emerg] 1#1: host not found in upstream "php-fpm" in /etc/nginx/wordpress.conf:24
2023/12/21 13:43:04 [warn] 1#1: the "listen ... http2" directive is deprecated, use the "http2" directive instead in /etc/nginx/conf.d/default.conf:27
2023/12/21 13:43:04 [emerg] 1#1: host not found in upstream "php-fpm" in /etc/nginx/wordpress.conf:24
2023/12/21 13:43:10 [warn] 1#1: the "listen ... http2" directive is deprecated, use the "http2" directive instead in /etc/nginx/conf.d/default.conf:27
2023/12/21 13:43:10 [emerg] 1#1: host not found in upstream "php-fpm" in /etc/nginx/wordpress.conf:24
2023/12/21 13:43:23 [warn] 1#1: the "listen ... http2" directive is deprecated, use the "http2" directive instead in /etc/nginx/conf.d/default.conf:27
2023/12/21 13:43:23 [emerg] 1#1: host not found in upstream "php-fpm" in /etc/nginx/wordpress.conf:24
2023/12/21 13:43:37 [emerg] 1#1: upstream "php" may not have port 9000 in /etc/nginx/wordpress.conf:24
2023/12/21 13:43:37 [emerg] 1#1: upstream "php" may not have port 9000 in /etc/nginx/wordpress.conf:24
2023/12/21 13:43:38 [emerg] 1#1: upstream "php" may not have port 9000 in /etc/nginx/wordpress.conf:24
2023/12/21 13:43:38 [emerg] 1#1: upstream "php" may not have port 9000 in /etc/nginx/wordpress.conf:24
2023/12/21 13:43:39 [emerg] 1#1: upstream "php" may not have port 9000 in /etc/nginx/wordpress.conf:24
2023/12/21 13:43:41 [emerg] 1#1: upstream "php" may not have port 9000 in /etc/nginx/wordpress.conf:24
2023/12/21 13:43:44 [emerg] 1#1: upstream "php" may not have port 9000 in /etc/nginx/wordpress.conf:24
2023/12/21 13:43:51 [emerg] 1#1: upstream "php" may not have port 9000 in /etc/nginx/wordpress.conf:24
2023/12/21 13:44:02 [warn] 1#1: the "listen ... http2" directive is deprecated, use the "http2" directive instead in /etc/nginx/conf.d/default.conf:27
2023/12/21 13:44:02 [notice] 1#1: using the "epoll" event method
2023/12/21 13:44:02 [notice] 1#1: nginx/1.25.3
2023/12/21 13:44:02 [notice] 1#1: built by gcc 12.2.0 (Debian 12.2.0-14) 
2023/12/21 13:44:02 [notice] 1#1: OS: Linux 6.5.11-linuxkit
2023/12/21 13:44:02 [notice] 1#1: getrlimit(RLIMIT_NOFILE): 1048576:1048576
2023/12/21 13:44:02 [notice] 1#1: start worker processes
2023/12/21 13:44:02 [notice] 1#1: start worker process 7
2023/12/21 13:44:02 [notice] 1#1: start worker process 8
2023/12/21 13:44:02 [notice] 1#1: start worker process 9
2023/12/21 13:44:02 [notice] 1#1: start worker process 10
2023/12/21 13:44:02 [notice] 1#1: start worker process 11
2023/12/21 13:44:02 [notice] 1#1: start worker process 12
2023/12/21 13:44:02 [notice] 1#1: start worker process 13
2023/12/21 13:44:02 [notice] 1#1: start worker process 14
2023/12/21 13:49:23 [notice] 1#1: signal 3 (SIGQUIT) received, shutting down
2023/12/21 13:49:23 [notice] 7#7: gracefully shutting down
2023/12/21 13:49:23 [notice] 8#8: gracefully shutting down
2023/12/21 13:49:23 [notice] 9#9: gracefully shutting down
2023/12/21 13:49:23 [notice] 13#13: gracefully shutting down
2023/12/21 13:49:23 [notice] 12#12: gracefully shutting down
2023/12/21 13:49:23 [notice] 13#13: exiting
2023/12/21 13:49:23 [notice] 10#10: gracefully shutting down
2023/12/21 13:49:23 [notice] 11#11: gracefully shutting down
2023/12/21 13:49:23 [notice] 14#14: gracefully shutting down
2023/12/21 13:49:23 [notice] 11#11: exiting
2023/12/21 13:49:23 [notice] 7#7: exiting
2023/12/21 13:49:23 [notice] 8#8: exiting
2023/12/21 13:49:23 [notice] 9#9: exiting
2023/12/21 13:49:23 [notice] 12#12: exiting
2023/12/21 13:49:23 [notice] 10#10: exiting
2023/12/21 13:49:23 [notice] 14#14: exiting
2023/12/21 13:49:23 [notice] 13#13: exit
2023/12/21 13:49:23 [notice] 11#11: exit
2023/12/21 13:49:23 [notice] 7#7: exit
2023/12/21 13:49:23 [notice] 9#9: exit
2023/12/21 13:49:23 [notice] 8#8: exit
2023/12/21 13:49:23 [notice] 12#12: exit
2023/12/21 13:49:23 [notice] 10#10: exit
2023/12/21 13:49:23 [notice] 14#14: exit
2023/12/21 13:49:23 [notice] 1#1: signal 17 (SIGCHLD) received from 8
2023/12/21 13:49:23 [notice] 1#1: worker process 8 exited with code 0
2023/12/21 13:49:23 [notice] 1#1: worker process 9 exited with code 0
2023/12/21 13:49:23 [notice] 1#1: worker process 10 exited with code 0
2023/12/21 13:49:23 [notice] 1#1: signal 29 (SIGIO) received
2023/12/21 13:49:23 [notice] 1#1: signal 17 (SIGCHLD) received from 10
2023/12/21 13:49:23 [notice] 1#1: signal 17 (SIGCHLD) received from 11
2023/12/21 13:49:23 [notice] 1#1: worker process 11 exited with code 0
2023/12/21 13:49:23 [notice] 1#1: worker process 12 exited with code 0
2023/12/21 13:49:23 [notice] 1#1: signal 29 (SIGIO) received
2023/12/21 13:49:23 [notice] 1#1: signal 17 (SIGCHLD) received from 12
2023/12/21 13:49:23 [notice] 1#1: worker process 7 exited with code 0
2023/12/21 13:49:23 [notice] 1#1: worker process 13 exited with code 0
2023/12/21 13:49:23 [notice] 1#1: signal 29 (SIGIO) received
2023/12/21 13:49:23 [notice] 1#1: signal 17 (SIGCHLD) received from 7
2023/12/21 13:49:23 [notice] 1#1: signal 17 (SIGCHLD) received from 14
2023/12/21 13:49:23 [notice] 1#1: worker process 14 exited with code 0
2023/12/21 13:49:23 [notice] 1#1: exit
2023/12/21 13:49:23 [warn] 1#1: the "listen ... http2" directive is deprecated, use the "http2" directive instead in /etc/nginx/conf.d/default.conf:27
2023/12/21 13:49:23 [notice] 1#1: using the "epoll" event method
2023/12/21 13:49:23 [notice] 1#1: nginx/1.25.3
2023/12/21 13:49:23 [notice] 1#1: built by gcc 12.2.0 (Debian 12.2.0-14) 
2023/12/21 13:49:23 [notice] 1#1: OS: Linux 6.5.11-linuxkit
2023/12/21 13:49:23 [notice] 1#1: getrlimit(RLIMIT_NOFILE): 1048576:1048576
2023/12/21 13:49:23 [notice] 1#1: start worker processes
2023/12/21 13:49:23 [notice] 1#1: start worker process 7
2023/12/21 13:49:23 [notice] 1#1: start worker process 8
2023/12/21 13:49:23 [notice] 1#1: start worker process 9
2023/12/21 13:49:23 [notice] 1#1: start worker process 10
2023/12/21 13:49:23 [notice] 1#1: start worker process 11
2023/12/21 13:49:23 [notice] 1#1: start worker process 12
2023/12/21 13:49:23 [notice] 1#1: start worker process 13
2023/12/21 13:49:23 [notice] 1#1: start worker process 14
2023/12/21 13:49:47 [notice] 1#1: signal 3 (SIGQUIT) received, shutting down
2023/12/21 13:49:47 [notice] 7#7: gracefully shutting down
2023/12/21 13:49:47 [notice] 8#8: gracefully shutting down
2023/12/21 13:49:47 [notice] 10#10: gracefully shutting down
2023/12/21 13:49:47 [notice] 11#11: gracefully shutting down
2023/12/21 13:49:47 [notice] 9#9: gracefully shutting down
2023/12/21 13:49:47 [notice] 14#14: gracefully shutting down
2023/12/21 13:49:47 [notice] 12#12: gracefully shutting down
2023/12/21 13:49:47 [notice] 13#13: gracefully shutting down
2023/12/21 13:49:47 [notice] 7#7: exiting
2023/12/21 13:49:47 [notice] 8#8: exiting
2023/12/21 13:49:47 [notice] 10#10: exiting
2023/12/21 13:49:47 [notice] 11#11: exiting
2023/12/21 13:49:47 [notice] 9#9: exiting
2023/12/21 13:49:47 [notice] 14#14: exiting
2023/12/21 13:49:47 [notice] 12#12: exiting
2023/12/21 13:49:47 [notice] 13#13: exiting
2023/12/21 13:49:47 [notice] 8#8: exit
2023/12/21 13:49:47 [notice] 7#7: exit
2023/12/21 13:49:47 [notice] 10#10: exit
2023/12/21 13:49:47 [notice] 11#11: exit
2023/12/21 13:49:47 [notice] 9#9: exit
2023/12/21 13:49:47 [notice] 14#14: exit
2023/12/21 13:49:47 [notice] 12#12: exit
2023/12/21 13:49:47 [notice] 13#13: exit
2023/12/21 13:49:47 [notice] 1#1: signal 17 (SIGCHLD) received from 9
2023/12/21 13:49:47 [notice] 1#1: worker process 8 exited with code 0
2023/12/21 13:49:47 [notice] 1#1: worker process 9 exited with code 0
2023/12/21 13:49:47 [notice] 1#1: signal 29 (SIGIO) received
2023/12/21 13:49:47 [notice] 1#1: signal 17 (SIGCHLD) received from 10
2023/12/21 13:49:47 [notice] 1#1: worker process 7 exited with code 0
2023/12/21 13:49:47 [notice] 1#1: worker process 10 exited with code 0
2023/12/21 13:49:47 [notice] 1#1: signal 29 (SIGIO) received
2023/12/21 13:49:47 [notice] 1#1: signal 17 (SIGCHLD) received from 7
2023/12/21 13:49:47 [notice] 1#1: worker process 13 exited with code 0
2023/12/21 13:49:47 [notice] 1#1: worker process 14 exited with code 0
2023/12/21 13:49:47 [notice] 1#1: signal 29 (SIGIO) received
2023/12/21 13:49:47 [notice] 1#1: signal 17 (SIGCHLD) received from 13
2023/12/21 13:49:47 [notice] 1#1: signal 17 (SIGCHLD) received from 11
2023/12/21 13:49:47 [notice] 1#1: worker process 11 exited with code 0
2023/12/21 13:49:47 [notice] 1#1: signal 29 (SIGIO) received
2023/12/21 13:49:47 [notice] 1#1: signal 17 (SIGCHLD) received from 12
2023/12/21 13:49:47 [notice] 1#1: worker process 12 exited with code 0
2023/12/21 13:49:47 [notice] 1#1: exit
2023/12/21 13:49:47 [warn] 1#1: the "listen ... http2" directive is deprecated, use the "http2" directive instead in /etc/nginx/conf.d/default.conf:27
2023/12/21 13:49:47 [notice] 1#1: using the "epoll" event method
2023/12/21 13:49:47 [notice] 1#1: nginx/1.25.3
2023/12/21 13:49:47 [notice] 1#1: built by gcc 12.2.0 (Debian 12.2.0-14) 
2023/12/21 13:49:47 [notice] 1#1: OS: Linux 6.5.11-linuxkit
2023/12/21 13:49:47 [notice] 1#1: getrlimit(RLIMIT_NOFILE): 1048576:1048576
2023/12/21 13:49:47 [notice] 1#1: start worker processes
2023/12/21 13:49:47 [notice] 1#1: start worker process 7
2023/12/21 13:49:47 [notice] 1#1: start worker process 8
2023/12/21 13:49:47 [notice] 1#1: start worker process 9
2023/12/21 13:49:47 [notice] 1#1: start worker process 10
2023/12/21 13:49:47 [notice] 1#1: start worker process 11
2023/12/21 13:49:47 [notice] 1#1: start worker process 12
2023/12/21 13:49:47 [notice] 1#1: start worker process 13
2023/12/21 13:49:47 [notice] 1#1: start worker process 14
2023/12/21 13:49:51 [notice] 1#1: signal 3 (SIGQUIT) received, shutting down
2023/12/21 13:49:51 [notice] 7#7: gracefully shutting down
2023/12/21 13:49:51 [notice] 7#7: exiting
2023/12/21 13:49:51 [notice] 8#8: gracefully shutting down
2023/12/21 13:49:51 [notice] 8#8: exiting
2023/12/21 13:49:51 [notice] 9#9: gracefully shutting down
2023/12/21 13:49:51 [notice] 11#11: gracefully shutting down
2023/12/21 13:49:51 [notice] 10#10: gracefully shutting down
2023/12/21 13:49:51 [notice] 12#12: gracefully shutting down
2023/12/21 13:49:51 [notice] 13#13: gracefully shutting down
2023/12/21 13:49:51 [notice] 14#14: gracefully shutting down
2023/12/21 13:49:51 [notice] 7#7: exit
2023/12/21 13:49:51 [notice] 9#9: exiting
2023/12/21 13:49:51 [notice] 8#8: exit
2023/12/21 13:49:51 [notice] 11#11: exiting
2023/12/21 13:49:51 [notice] 10#10: exiting
2023/12/21 13:49:51 [notice] 11#11: exit
2023/12/21 13:49:51 [notice] 12#12: exiting
2023/12/21 13:49:51 [notice] 12#12: exit
2023/12/21 13:49:51 [notice] 13#13: exiting
2023/12/21 13:49:51 [notice] 14#14: exiting
2023/12/21 13:49:51 [notice] 9#9: exit
2023/12/21 13:49:51 [notice] 10#10: exit
2023/12/21 13:49:51 [notice] 13#13: exit
2023/12/21 13:49:51 [notice] 14#14: exit
2023/12/21 13:49:51 [notice] 1#1: signal 17 (SIGCHLD) received from 8
2023/12/21 13:49:51 [notice] 1#1: worker process 8 exited with code 0
2023/12/21 13:49:51 [notice] 1#1: signal 29 (SIGIO) received
2023/12/21 13:49:51 [notice] 1#1: signal 17 (SIGCHLD) received from 11
2023/12/21 13:49:51 [notice] 1#1: worker process 7 exited with code 0
2023/12/21 13:49:51 [notice] 1#1: worker process 11 exited with code 0
2023/12/21 13:49:51 [notice] 1#1: worker process 14 exited with code 0
2023/12/21 13:49:51 [notice] 1#1: signal 29 (SIGIO) received
2023/12/21 13:49:51 [notice] 1#1: signal 17 (SIGCHLD) received from 7
2023/12/21 13:49:51 [notice] 1#1: signal 17 (SIGCHLD) received from 9
2023/12/21 13:49:51 [notice] 1#1: worker process 9 exited with code 0
2023/12/21 13:49:51 [notice] 1#1: worker process 10 exited with code 0
2023/12/21 13:49:51 [notice] 1#1: worker process 13 exited with code 0
2023/12/21 13:49:51 [notice] 1#1: signal 29 (SIGIO) received
2023/12/21 13:49:51 [notice] 1#1: signal 17 (SIGCHLD) received from 13
2023/12/21 13:49:51 [notice] 1#1: signal 17 (SIGCHLD) received from 12
2023/12/21 13:49:51 [notice] 1#1: worker process 12 exited with code 0
2023/12/21 13:49:51 [notice] 1#1: exit
2023/12/21 13:49:51 [warn] 1#1: the "listen ... http2" directive is deprecated, use the "http2" directive instead in /etc/nginx/conf.d/default.conf:27
2023/12/21 13:49:51 [notice] 1#1: using the "epoll" event method
2023/12/21 13:49:51 [notice] 1#1: nginx/1.25.3
2023/12/21 13:49:51 [notice] 1#1: built by gcc 12.2.0 (Debian 12.2.0-14) 
2023/12/21 13:49:51 [notice] 1#1: OS: Linux 6.5.11-linuxkit
2023/12/21 13:49:51 [notice] 1#1: getrlimit(RLIMIT_NOFILE): 1048576:1048576
2023/12/21 13:49:51 [notice] 1#1: start worker processes
2023/12/21 13:49:51 [notice] 1#1: start worker process 7
2023/12/21 13:49:51 [notice] 1#1: start worker process 8
2023/12/21 13:49:51 [notice] 1#1: start worker process 9
2023/12/21 13:49:51 [notice] 1#1: start worker process 10
2023/12/21 13:49:51 [notice] 1#1: start worker process 11
2023/12/21 13:49:51 [notice] 1#1: start worker process 12
2023/12/21 13:49:51 [notice] 1#1: start worker process 13
2023/12/21 13:49:51 [notice] 1#1: start worker process 14
2023/12/21 13:51:31 [notice] 1#1: signal 3 (SIGQUIT) received, shutting down
2023/12/21 13:51:31 [notice] 7#7: gracefully shutting down
2023/12/21 13:51:31 [notice] 9#9: gracefully shutting down
2023/12/21 13:51:31 [notice] 11#11: gracefully shutting down
2023/12/21 13:51:31 [notice] 10#10: gracefully shutting down
2023/12/21 13:51:31 [notice] 8#8: gracefully shutting down
2023/12/21 13:51:31 [notice] 12#12: gracefully shutting down
2023/12/21 13:51:31 [notice] 13#13: gracefully shutting down
2023/12/21 13:51:31 [notice] 14#14: gracefully shutting down
2023/12/21 13:51:31 [notice] 7#7: exiting
2023/12/21 13:51:31 [notice] 9#9: exiting
2023/12/21 13:51:31 [notice] 11#11: exiting
2023/12/21 13:51:31 [notice] 10#10: exiting
2023/12/21 13:51:31 [notice] 8#8: exiting
2023/12/21 13:51:31 [notice] 12#12: exiting
2023/12/21 13:51:31 [notice] 13#13: exiting
2023/12/21 13:51:31 [notice] 14#14: exiting
2023/12/21 13:51:31 [notice] 7#7: exit
2023/12/21 13:51:31 [notice] 9#9: exit
2023/12/21 13:51:31 [notice] 11#11: exit
2023/12/21 13:51:31 [notice] 10#10: exit
2023/12/21 13:51:31 [notice] 8#8: exit
2023/12/21 13:51:31 [notice] 12#12: exit
2023/12/21 13:51:31 [notice] 13#13: exit
2023/12/21 13:51:31 [notice] 14#14: exit
2023/12/21 13:51:31 [notice] 1#1: signal 17 (SIGCHLD) received from 14
2023/12/21 13:51:31 [notice] 1#1: worker process 7 exited with code 0
2023/12/21 13:51:31 [notice] 1#1: worker process 9 exited with code 0
2023/12/21 13:51:31 [notice] 1#1: worker process 10 exited with code 0
2023/12/21 13:51:31 [notice] 1#1: worker process 11 exited with code 0
2023/12/21 13:51:31 [notice] 1#1: worker process 12 exited with code 0
2023/12/21 13:51:31 [notice] 1#1: worker process 13 exited with code 0
2023/12/21 13:51:31 [notice] 1#1: worker process 14 exited with code 0
2023/12/21 13:51:31 [notice] 1#1: signal 29 (SIGIO) received
2023/12/21 13:51:31 [notice] 1#1: signal 17 (SIGCHLD) received from 12
2023/12/21 13:51:31 [notice] 1#1: worker process 8 exited with code 0
2023/12/21 13:51:31 [notice] 1#1: exit
2023/12/21 13:51:32 [warn] 1#1: the "listen ... http2" directive is deprecated, use the "http2" directive instead in /etc/nginx/conf.d/default.conf:27
2023/12/21 13:51:32 [notice] 1#1: using the "epoll" event method
2023/12/21 13:51:32 [notice] 1#1: nginx/1.25.3
2023/12/21 13:51:32 [notice] 1#1: built by gcc 12.2.0 (Debian 12.2.0-14) 
2023/12/21 13:51:32 [notice] 1#1: OS: Linux 6.5.11-linuxkit
2023/12/21 13:51:32 [notice] 1#1: getrlimit(RLIMIT_NOFILE): 1048576:1048576
2023/12/21 13:51:32 [notice] 1#1: start worker processes
2023/12/21 13:51:32 [notice] 1#1: start worker process 7
2023/12/21 13:51:32 [notice] 1#1: start worker process 8
2023/12/21 13:51:32 [notice] 1#1: start worker process 9
2023/12/21 13:51:32 [notice] 1#1: start worker process 10
2023/12/21 13:51:32 [notice] 1#1: start worker process 11
2023/12/21 13:51:32 [notice] 1#1: start worker process 12
2023/12/21 13:51:32 [notice] 1#1: start worker process 13
2023/12/21 13:51:32 [notice] 1#1: start worker process 14
2023/12/21 13:52:40 [crit] 9#9: *5 connect() to unix:/tmp/php-cgi.socket failed (2: No such file or directory) while connecting to upstream, client: 192.168.65.1, server: www.the7ofdiamonds.development, request: "GET / HTTP/2.0", upstream: "fastcgi://unix:/tmp/php-cgi.socket:", host: "the7ofdiamonds.development"
2023/12/21 13:52:40 [warn] 9#9: *5 upstream server temporarily disabled while connecting to upstream, client: 192.168.65.1, server: www.the7ofdiamonds.development, request: "GET / HTTP/2.0", upstream: "fastcgi://unix:/tmp/php-cgi.socket:", host: "the7ofdiamonds.development"
2023/12/21 13:52:40 [error] 9#9: *5 connect() failed (111: Connection refused) while connecting to upstream, client: 192.168.65.1, server: www.the7ofdiamonds.development, request: "GET / HTTP/2.0", upstream: "fastcgi://172.18.0.3:80", host: "the7ofdiamonds.development"
2023/12/21 13:52:40 [warn] 9#9: *5 upstream server temporarily disabled while connecting to upstream, client: 192.168.65.1, server: www.the7ofdiamonds.development, request: "GET / HTTP/2.0", upstream: "fastcgi://172.18.0.3:80", host: "the7ofdiamonds.development"
2023/12/21 13:54:36 [notice] 1#1: signal 3 (SIGQUIT) received, shutting down
2023/12/21 13:54:36 [notice] 7#7: gracefully shutting down
2023/12/21 13:54:36 [notice] 9#9: gracefully shutting down
2023/12/21 13:54:36 [notice] 12#12: gracefully shutting down
2023/12/21 13:54:36 [notice] 11#11: gracefully shutting down
2023/12/21 13:54:36 [notice] 10#10: gracefully shutting down
2023/12/21 13:54:36 [notice] 14#14: gracefully shutting down
2023/12/21 13:54:36 [notice] 13#13: gracefully shutting down
2023/12/21 13:54:36 [notice] 8#8: gracefully shutting down
2023/12/21 13:54:36 [notice] 7#7: exiting
2023/12/21 13:54:36 [notice] 8#8: exiting
2023/12/21 13:54:36 [notice] 9#9: exiting
2023/12/21 13:54:36 [notice] 12#12: exiting
2023/12/21 13:54:36 [notice] 11#11: exiting
2023/12/21 13:54:36 [notice] 10#10: exiting
2023/12/21 13:54:36 [notice] 14#14: exiting
2023/12/21 13:54:36 [notice] 13#13: exiting
2023/12/21 13:54:36 [notice] 9#9: exit
2023/12/21 13:54:36 [notice] 7#7: exit
2023/12/21 13:54:36 [notice] 8#8: exit
2023/12/21 13:54:36 [notice] 13#13: exit
2023/12/21 13:54:36 [notice] 12#12: exit
2023/12/21 13:54:36 [notice] 11#11: exit
2023/12/21 13:54:36 [notice] 10#10: exit
2023/12/21 13:54:36 [notice] 14#14: exit
2023/12/21 13:54:36 [notice] 1#1: signal 17 (SIGCHLD) received from 9
2023/12/21 13:54:36 [notice] 1#1: worker process 9 exited with code 0
2023/12/21 13:54:36 [notice] 1#1: signal 29 (SIGIO) received
2023/12/21 13:54:36 [notice] 1#1: signal 17 (SIGCHLD) received from 12
2023/12/21 13:54:36 [notice] 1#1: worker process 12 exited with code 0
2023/12/21 13:54:36 [notice] 1#1: signal 29 (SIGIO) received
2023/12/21 13:54:36 [notice] 1#1: signal 17 (SIGCHLD) received from 8
2023/12/21 13:54:36 [notice] 1#1: worker process 7 exited with code 0
2023/12/21 13:54:36 [notice] 1#1: worker process 8 exited with code 0
2023/12/21 13:54:36 [notice] 1#1: worker process 11 exited with code 0
2023/12/21 13:54:36 [notice] 1#1: signal 29 (SIGIO) received
2023/12/21 13:54:36 [notice] 1#1: signal 17 (SIGCHLD) received from 11
2023/12/21 13:54:36 [notice] 1#1: signal 17 (SIGCHLD) received from 14
2023/12/21 13:54:36 [notice] 1#1: worker process 10 exited with code 0
2023/12/21 13:54:36 [notice] 1#1: worker process 13 exited with code 0
2023/12/21 13:54:36 [notice] 1#1: worker process 14 exited with code 0
2023/12/21 13:54:36 [notice] 1#1: exit
2023/12/21 13:54:36 [warn] 1#1: the "listen ... http2" directive is deprecated, use the "http2" directive instead in /etc/nginx/conf.d/default.conf:27
2023/12/21 13:54:36 [notice] 1#1: using the "epoll" event method
2023/12/21 13:54:36 [notice] 1#1: nginx/1.25.3
2023/12/21 13:54:36 [notice] 1#1: built by gcc 12.2.0 (Debian 12.2.0-14) 
2023/12/21 13:54:36 [notice] 1#1: OS: Linux 6.5.11-linuxkit
2023/12/21 13:54:36 [notice] 1#1: getrlimit(RLIMIT_NOFILE): 1048576:1048576
2023/12/21 13:54:36 [notice] 1#1: start worker processes
2023/12/21 13:54:36 [notice] 1#1: start worker process 7
2023/12/21 13:54:36 [notice] 1#1: start worker process 8
2023/12/21 13:54:36 [notice] 1#1: start worker process 9
2023/12/21 13:54:36 [notice] 1#1: start worker process 10
2023/12/21 13:54:36 [notice] 1#1: start worker process 11
2023/12/21 13:54:36 [notice] 1#1: start worker process 12
2023/12/21 13:54:36 [notice] 1#1: start worker process 13
2023/12/21 13:54:36 [notice] 1#1: start worker process 14
2023/12/21 13:54:44 [notice] 1#1: signal 3 (SIGQUIT) received, shutting down
2023/12/21 13:54:44 [notice] 8#8: gracefully shutting down
2023/12/21 13:54:44 [notice] 8#8: exiting
2023/12/21 13:54:44 [notice] 7#7: gracefully shutting down
2023/12/21 13:54:44 [notice] 12#12: gracefully shutting down
2023/12/21 13:54:44 [notice] 9#9: gracefully shutting down
2023/12/21 13:54:44 [notice] 9#9: exiting
2023/12/21 13:54:44 [notice] 11#11: gracefully shutting down
2023/12/21 13:54:44 [notice] 11#11: exiting
2023/12/21 13:54:44 [notice] 13#13: gracefully shutting down
2023/12/21 13:54:44 [notice] 13#13: exiting
2023/12/21 13:54:44 [notice] 14#14: gracefully shutting down
2023/12/21 13:54:44 [notice] 10#10: gracefully shutting down
2023/12/21 13:54:44 [notice] 7#7: exiting
2023/12/21 13:54:44 [notice] 8#8: exit
2023/12/21 13:54:44 [notice] 12#12: exiting
2023/12/21 13:54:44 [notice] 9#9: exit
2023/12/21 13:54:44 [notice] 12#12: exit
2023/12/21 13:54:44 [notice] 11#11: exit
2023/12/21 13:54:44 [notice] 14#14: exiting
2023/12/21 13:54:44 [notice] 13#13: exit
2023/12/21 13:54:44 [notice] 10#10: exiting
2023/12/21 13:54:44 [notice] 7#7: exit
2023/12/21 13:54:44 [notice] 14#14: exit
2023/12/21 13:54:44 [notice] 10#10: exit
2023/12/21 13:54:44 [notice] 1#1: signal 17 (SIGCHLD) received from 9
2023/12/21 13:54:44 [notice] 1#1: worker process 9 exited with code 0
2023/12/21 13:54:44 [notice] 1#1: worker process 10 exited with code 0
2023/12/21 13:54:44 [notice] 1#1: signal 29 (SIGIO) received
2023/12/21 13:54:44 [notice] 1#1: signal 17 (SIGCHLD) received from 10
2023/12/21 13:54:44 [notice] 1#1: signal 17 (SIGCHLD) received from 8
2023/12/21 13:54:44 [notice] 1#1: worker process 8 exited with code 0
2023/12/21 13:54:44 [notice] 1#1: worker process 11 exited with code 0
2023/12/21 13:54:44 [notice] 1#1: worker process 12 exited with code 0
2023/12/21 13:54:44 [notice] 1#1: signal 29 (SIGIO) received
2023/12/21 13:54:44 [notice] 1#1: signal 17 (SIGCHLD) received from 12
2023/12/21 13:54:44 [notice] 1#1: signal 17 (SIGCHLD) received from 7
2023/12/21 13:54:44 [notice] 1#1: worker process 7 exited with code 0
2023/12/21 13:54:44 [notice] 1#1: worker process 13 exited with code 0
2023/12/21 13:54:44 [notice] 1#1: signal 29 (SIGIO) received
2023/12/21 13:54:44 [notice] 1#1: signal 17 (SIGCHLD) received from 13
2023/12/21 13:54:44 [notice] 1#1: signal 17 (SIGCHLD) received from 14
2023/12/21 13:54:44 [notice] 1#1: worker process 14 exited with code 0
2023/12/21 13:54:44 [notice] 1#1: exit
2023/12/21 13:54:44 [warn] 1#1: the "listen ... http2" directive is deprecated, use the "http2" directive instead in /etc/nginx/conf.d/default.conf:27
2023/12/21 13:54:44 [notice] 1#1: using the "epoll" event method
2023/12/21 13:54:44 [notice] 1#1: nginx/1.25.3
2023/12/21 13:54:44 [notice] 1#1: built by gcc 12.2.0 (Debian 12.2.0-14) 
2023/12/21 13:54:44 [notice] 1#1: OS: Linux 6.5.11-linuxkit
2023/12/21 13:54:44 [notice] 1#1: getrlimit(RLIMIT_NOFILE): 1048576:1048576
2023/12/21 13:54:44 [notice] 1#1: start worker processes
2023/12/21 13:54:44 [notice] 1#1: start worker process 7
2023/12/21 13:54:44 [notice] 1#1: start worker process 8
2023/12/21 13:54:44 [notice] 1#1: start worker process 9
2023/12/21 13:54:44 [notice] 1#1: start worker process 10
2023/12/21 13:54:44 [notice] 1#1: start worker process 11
2023/12/21 13:54:44 [notice] 1#1: start worker process 12
2023/12/21 13:54:44 [notice] 1#1: start worker process 13
2023/12/21 13:54:44 [notice] 1#1: start worker process 14
2023/12/21 13:54:47 [notice] 1#1: signal 3 (SIGQUIT) received, shutting down
2023/12/21 13:54:47 [notice] 7#7: gracefully shutting down
2023/12/21 13:54:47 [notice] 7#7: exiting
2023/12/21 13:54:47 [notice] 12#12: gracefully shutting down
2023/12/21 13:54:47 [notice] 12#12: exiting
2023/12/21 13:54:47 [notice] 14#14: gracefully shutting down
2023/12/21 13:54:47 [notice] 10#10: gracefully shutting down
2023/12/21 13:54:47 [notice] 10#10: exiting
2023/12/21 13:54:47 [notice] 9#9: gracefully shutting down
2023/12/21 13:54:47 [notice] 9#9: exiting
2023/12/21 13:54:47 [notice] 8#8: gracefully shutting down
2023/12/21 13:54:47 [notice] 13#13: gracefully shutting down
2023/12/21 13:54:47 [notice] 11#11: gracefully shutting down
2023/12/21 13:54:47 [notice] 7#7: exit
2023/12/21 13:54:47 [notice] 14#14: exiting
2023/12/21 13:54:47 [notice] 12#12: exit
2023/12/21 13:54:47 [notice] 10#10: exit
2023/12/21 13:54:47 [notice] 14#14: exit
2023/12/21 13:54:47 [notice] 8#8: exiting
2023/12/21 13:54:47 [notice] 9#9: exit
2023/12/21 13:54:47 [notice] 13#13: exiting
2023/12/21 13:54:47 [notice] 11#11: exiting
2023/12/21 13:54:47 [notice] 8#8: exit
2023/12/21 13:54:47 [notice] 13#13: exit
2023/12/21 13:54:47 [notice] 11#11: exit
2023/12/21 13:54:47 [notice] 1#1: signal 17 (SIGCHLD) received from 13
2023/12/21 13:54:47 [notice] 1#1: worker process 7 exited with code 0
2023/12/21 13:54:47 [notice] 1#1: worker process 8 exited with code 0
2023/12/21 13:54:47 [notice] 1#1: worker process 9 exited with code 0
2023/12/21 13:54:47 [notice] 1#1: worker process 10 exited with code 0
2023/12/21 13:54:47 [notice] 1#1: worker process 11 exited with code 0
2023/12/21 13:54:47 [notice] 1#1: worker process 12 exited with code 0
2023/12/21 13:54:47 [notice] 1#1: worker process 13 exited with code 0
2023/12/21 13:54:47 [notice] 1#1: worker process 14 exited with code 0
2023/12/21 13:54:47 [notice] 1#1: exit
2023/12/21 13:54:47 [warn] 1#1: the "listen ... http2" directive is deprecated, use the "http2" directive instead in /etc/nginx/conf.d/default.conf:27
2023/12/21 13:54:47 [notice] 1#1: using the "epoll" event method
2023/12/21 13:54:47 [notice] 1#1: nginx/1.25.3
2023/12/21 13:54:47 [notice] 1#1: built by gcc 12.2.0 (Debian 12.2.0-14) 
2023/12/21 13:54:47 [notice] 1#1: OS: Linux 6.5.11-linuxkit
2023/12/21 13:54:47 [notice] 1#1: getrlimit(RLIMIT_NOFILE): 1048576:1048576
2023/12/21 13:54:47 [notice] 1#1: start worker processes
2023/12/21 13:54:47 [notice] 1#1: start worker process 7
2023/12/21 13:54:47 [notice] 1#1: start worker process 8
2023/12/21 13:54:47 [notice] 1#1: start worker process 9
2023/12/21 13:54:47 [notice] 1#1: start worker process 10
2023/12/21 13:54:47 [notice] 1#1: start worker process 11
2023/12/21 13:54:47 [notice] 1#1: start worker process 12
2023/12/21 13:54:47 [notice] 1#1: start worker process 13
2023/12/21 13:54:47 [notice] 1#1: start worker process 14
2023/12/21 13:54:56 [crit] 7#7: *1 connect() to unix:/tmp/php-cgi.socket failed (2: No such file or directory) while connecting to upstream, client: 192.168.65.1, server: www.the7ofdiamonds.development, request: "GET / HTTP/2.0", upstream: "fastcgi://unix:/tmp/php-cgi.socket:", host: "the7ofdiamonds.development"
2023/12/21 13:54:56 [warn] 7#7: *1 upstream server temporarily disabled while connecting to upstream, client: 192.168.65.1, server: www.the7ofdiamonds.development, request: "GET / HTTP/2.0", upstream: "fastcgi://unix:/tmp/php-cgi.socket:", host: "the7ofdiamonds.development"
2023/12/21 13:54:56 [error] 7#7: *1 connect() failed (111: Connection refused) while connecting to upstream, client: 192.168.65.1, server: www.the7ofdiamonds.development, request: "GET / HTTP/2.0", upstream: "fastcgi://172.18.0.3:80", host: "the7ofdiamonds.development"
2023/12/21 13:54:56 [warn] 7#7: *1 upstream server temporarily disabled while connecting to upstream, client: 192.168.65.1, server: www.the7ofdiamonds.development, request: "GET / HTTP/2.0", upstream: "fastcgi://172.18.0.3:80", host: "the7ofdiamonds.development"
2023/12/21 13:58:58 [notice] 1#1: signal 3 (SIGQUIT) received, shutting down
2023/12/21 13:58:58 [notice] 7#7: gracefully shutting down
2023/12/21 13:58:58 [notice] 8#8: gracefully shutting down
2023/12/21 13:58:58 [notice] 9#9: gracefully shutting down
2023/12/21 13:58:58 [notice] 11#11: gracefully shutting down
2023/12/21 13:58:58 [notice] 12#12: gracefully shutting down
2023/12/21 13:58:58 [notice] 13#13: gracefully shutting down
2023/12/21 13:58:58 [notice] 14#14: gracefully shutting down
2023/12/21 13:58:58 [notice] 10#10: gracefully shutting down
2023/12/21 13:58:58 [notice] 7#7: exiting
2023/12/21 13:58:58 [notice] 8#8: exiting
2023/12/21 13:58:58 [notice] 9#9: exiting
2023/12/21 13:58:58 [notice] 11#11: exiting
2023/12/21 13:58:58 [notice] 12#12: exiting
2023/12/21 13:58:58 [notice] 13#13: exiting
2023/12/21 13:58:58 [notice] 14#14: exiting
2023/12/21 13:58:58 [notice] 10#10: exiting
2023/12/21 13:58:58 [notice] 8#8: exit
2023/12/21 13:58:58 [notice] 7#7: exit
2023/12/21 13:58:58 [notice] 11#11: exit
2023/12/21 13:58:58 [notice] 9#9: exit
2023/12/21 13:58:58 [notice] 12#12: exit
2023/12/21 13:58:58 [notice] 14#14: exit
2023/12/21 13:58:58 [notice] 10#10: exit
2023/12/21 13:58:58 [notice] 13#13: exit
2023/12/21 13:58:58 [notice] 1#1: signal 17 (SIGCHLD) received from 8
2023/12/21 13:58:58 [notice] 1#1: worker process 8 exited with code 0
2023/12/21 13:58:58 [notice] 1#1: signal 29 (SIGIO) received
2023/12/21 13:58:58 [notice] 1#1: signal 17 (SIGCHLD) received from 10
2023/12/21 13:58:58 [notice] 1#1: worker process 10 exited with code 0
2023/12/21 13:58:58 [notice] 1#1: worker process 11 exited with code 0
2023/12/21 13:58:58 [notice] 1#1: worker process 12 exited with code 0
2023/12/21 13:58:58 [notice] 1#1: worker process 13 exited with code 0
2023/12/21 13:58:58 [notice] 1#1: signal 29 (SIGIO) received
2023/12/21 13:58:58 [notice] 1#1: signal 17 (SIGCHLD) received from 12
2023/12/21 13:58:58 [notice] 1#1: signal 17 (SIGCHLD) received from 14
2023/12/21 13:58:58 [notice] 1#1: worker process 14 exited with code 0
2023/12/21 13:58:58 [notice] 1#1: signal 29 (SIGIO) received
2023/12/21 13:58:58 [notice] 1#1: signal 17 (SIGCHLD) received from 9
2023/12/21 13:58:58 [notice] 1#1: worker process 7 exited with code 0
2023/12/21 13:58:58 [notice] 1#1: worker process 9 exited with code 0
2023/12/21 13:58:58 [notice] 1#1: exit
2023/12/21 13:58:58 [warn] 1#1: the "listen ... http2" directive is deprecated, use the "http2" directive instead in /etc/nginx/conf.d/default.conf:27
2023/12/21 13:58:58 [notice] 1#1: using the "epoll" event method
2023/12/21 13:58:58 [notice] 1#1: nginx/1.25.3
2023/12/21 13:58:58 [notice] 1#1: built by gcc 12.2.0 (Debian 12.2.0-14) 
2023/12/21 13:58:58 [notice] 1#1: OS: Linux 6.5.11-linuxkit
2023/12/21 13:58:58 [notice] 1#1: getrlimit(RLIMIT_NOFILE): 1048576:1048576
2023/12/21 13:58:58 [notice] 1#1: start worker processes
2023/12/21 13:58:58 [notice] 1#1: start worker process 7
2023/12/21 13:58:58 [notice] 1#1: start worker process 8
2023/12/21 13:58:58 [notice] 1#1: start worker process 9
2023/12/21 13:58:58 [notice] 1#1: start worker process 10
2023/12/21 13:58:58 [notice] 1#1: start worker process 11
2023/12/21 13:58:58 [notice] 1#1: start worker process 12
2023/12/21 13:58:58 [notice] 1#1: start worker process 13
2023/12/21 13:58:58 [notice] 1#1: start worker process 14
2023/12/21 13:59:03 [notice] 1#1: signal 3 (SIGQUIT) received, shutting down
2023/12/21 13:59:03 [notice] 14#14: gracefully shutting down
2023/12/21 13:59:03 [notice] 14#14: exiting
2023/12/21 13:59:03 [notice] 7#7: gracefully shutting down
2023/12/21 13:59:03 [notice] 11#11: gracefully shutting down
2023/12/21 13:59:03 [notice] 12#12: gracefully shutting down
2023/12/21 13:59:03 [notice] 13#13: gracefully shutting down
2023/12/21 13:59:03 [notice] 9#9: gracefully shutting down
2023/12/21 13:59:03 [notice] 8#8: gracefully shutting down
2023/12/21 13:59:03 [notice] 10#10: gracefully shutting down
2023/12/21 13:59:03 [notice] 7#7: exiting
2023/12/21 13:59:03 [notice] 14#14: exit
2023/12/21 13:59:03 [notice] 11#11: exiting
2023/12/21 13:59:03 [notice] 12#12: exiting
2023/12/21 13:59:03 [notice] 13#13: exiting
2023/12/21 13:59:03 [notice] 9#9: exiting
2023/12/21 13:59:03 [notice] 8#8: exiting
2023/12/21 13:59:03 [notice] 10#10: exiting
2023/12/21 13:59:03 [notice] 7#7: exit
2023/12/21 13:59:03 [notice] 11#11: exit
2023/12/21 13:59:03 [notice] 12#12: exit
2023/12/21 13:59:03 [notice] 13#13: exit
2023/12/21 13:59:03 [notice] 9#9: exit
2023/12/21 13:59:03 [notice] 8#8: exit
2023/12/21 13:59:03 [notice] 10#10: exit
2023/12/21 13:59:03 [notice] 1#1: signal 17 (SIGCHLD) received from 11
2023/12/21 13:59:03 [notice] 1#1: worker process 11 exited with code 0
2023/12/21 13:59:03 [notice] 1#1: signal 29 (SIGIO) received
2023/12/21 13:59:03 [notice] 1#1: signal 17 (SIGCHLD) received from 8
2023/12/21 13:59:03 [notice] 1#1: worker process 8 exited with code 0
2023/12/21 13:59:03 [notice] 1#1: worker process 10 exited with code 0
2023/12/21 13:59:03 [notice] 1#1: worker process 14 exited with code 0
2023/12/21 13:59:03 [notice] 1#1: signal 29 (SIGIO) received
2023/12/21 13:59:03 [notice] 1#1: signal 17 (SIGCHLD) received from 10
2023/12/21 13:59:03 [notice] 1#1: signal 17 (SIGCHLD) received from 12
2023/12/21 13:59:03 [notice] 1#1: worker process 7 exited with code 0
2023/12/21 13:59:03 [notice] 1#1: worker process 9 exited with code 0
2023/12/21 13:59:03 [notice] 1#1: worker process 12 exited with code 0
2023/12/21 13:59:03 [notice] 1#1: worker process 13 exited with code 0
2023/12/21 13:59:03 [notice] 1#1: exit
2023/12/21 13:59:10 [warn] 1#1: the "listen ... http2" directive is deprecated, use the "http2" directive instead in /etc/nginx/conf.d/default.conf:27
2023/12/21 13:59:10 [notice] 1#1: using the "epoll" event method
2023/12/21 13:59:10 [notice] 1#1: nginx/1.25.3
2023/12/21 13:59:10 [notice] 1#1: built by gcc 12.2.0 (Debian 12.2.0-14) 
2023/12/21 13:59:10 [notice] 1#1: OS: Linux 6.5.11-linuxkit
2023/12/21 13:59:10 [notice] 1#1: getrlimit(RLIMIT_NOFILE): 1048576:1048576
2023/12/21 13:59:10 [notice] 1#1: start worker processes
2023/12/21 13:59:10 [notice] 1#1: start worker process 7
2023/12/21 13:59:10 [notice] 1#1: start worker process 8
2023/12/21 13:59:10 [notice] 1#1: start worker process 9
2023/12/21 13:59:10 [notice] 1#1: start worker process 10
2023/12/21 13:59:10 [notice] 1#1: start worker process 11
2023/12/21 13:59:10 [notice] 1#1: start worker process 12
2023/12/21 13:59:10 [notice] 1#1: start worker process 13
2023/12/21 13:59:10 [notice] 1#1: start worker process 14
2023/12/21 14:00:23 [notice] 1#1: signal 3 (SIGQUIT) received, shutting down
2023/12/21 14:00:23 [notice] 8#8: gracefully shutting down
2023/12/21 14:00:23 [notice] 7#7: gracefully shutting down
2023/12/21 14:00:23 [notice] 9#9: gracefully shutting down
2023/12/21 14:00:23 [notice] 10#10: gracefully shutting down
2023/12/21 14:00:23 [notice] 12#12: gracefully shutting down
2023/12/21 14:00:23 [notice] 11#11: gracefully shutting down
2023/12/21 14:00:23 [notice] 14#14: gracefully shutting down
2023/12/21 14:00:23 [notice] 13#13: gracefully shutting down
2023/12/21 14:00:23 [notice] 8#8: exiting
2023/12/21 14:00:23 [notice] 7#7: exiting
2023/12/21 14:00:23 [notice] 9#9: exiting
2023/12/21 14:00:23 [notice] 10#10: exiting
2023/12/21 14:00:23 [notice] 12#12: exiting
2023/12/21 14:00:23 [notice] 11#11: exiting
2023/12/21 14:00:23 [notice] 14#14: exiting
2023/12/21 14:00:23 [notice] 13#13: exiting
2023/12/21 14:00:23 [notice] 9#9: exit
2023/12/21 14:00:23 [notice] 7#7: exit
2023/12/21 14:00:23 [notice] 8#8: exit
2023/12/21 14:00:23 [notice] 10#10: exit
2023/12/21 14:00:23 [notice] 12#12: exit
2023/12/21 14:00:23 [notice] 11#11: exit
2023/12/21 14:00:23 [notice] 13#13: exit
2023/12/21 14:00:23 [notice] 14#14: exit
2023/12/21 14:00:23 [notice] 1#1: signal 17 (SIGCHLD) received from 13
2023/12/21 14:00:23 [notice] 1#1: worker process 10 exited with code 0
2023/12/21 14:00:23 [notice] 1#1: worker process 13 exited with code 0
2023/12/21 14:00:23 [notice] 1#1: signal 29 (SIGIO) received
2023/12/21 14:00:23 [notice] 1#1: signal 17 (SIGCHLD) received from 7
2023/12/21 14:00:23 [notice] 1#1: worker process 7 exited with code 0
2023/12/21 14:00:23 [notice] 1#1: worker process 11 exited with code 0
2023/12/21 14:00:23 [notice] 1#1: signal 29 (SIGIO) received
2023/12/21 14:00:23 [notice] 1#1: signal 17 (SIGCHLD) received from 11
2023/12/21 14:00:23 [notice] 1#1: worker process 8 exited with code 0
2023/12/21 14:00:23 [notice] 1#1: worker process 9 exited with code 0
2023/12/21 14:00:23 [notice] 1#1: worker process 12 exited with code 0
2023/12/21 14:00:23 [notice] 1#1: signal 29 (SIGIO) received
2023/12/21 14:00:23 [notice] 1#1: signal 17 (SIGCHLD) received from 8
2023/12/21 14:00:23 [notice] 1#1: signal 17 (SIGCHLD) received from 14
2023/12/21 14:00:23 [notice] 1#1: worker process 14 exited with code 0
2023/12/21 14:00:23 [notice] 1#1: exit
2023/12/21 14:00:23 [warn] 1#1: the "listen ... http2" directive is deprecated, use the "http2" directive instead in /etc/nginx/conf.d/default.conf:27
2023/12/21 14:00:23 [notice] 1#1: using the "epoll" event method
2023/12/21 14:00:23 [notice] 1#1: nginx/1.25.3
2023/12/21 14:00:23 [notice] 1#1: built by gcc 12.2.0 (Debian 12.2.0-14) 
2023/12/21 14:00:23 [notice] 1#1: OS: Linux 6.5.11-linuxkit
2023/12/21 14:00:23 [notice] 1#1: getrlimit(RLIMIT_NOFILE): 1048576:1048576
2023/12/21 14:00:23 [notice] 1#1: start worker processes
2023/12/21 14:00:23 [notice] 1#1: start worker process 7
2023/12/21 14:00:23 [notice] 1#1: start worker process 8
2023/12/21 14:00:23 [notice] 1#1: start worker process 9
2023/12/21 14:00:23 [notice] 1#1: start worker process 10
2023/12/21 14:00:23 [notice] 1#1: start worker process 11
2023/12/21 14:00:23 [notice] 1#1: start worker process 12
2023/12/21 14:00:23 [notice] 1#1: start worker process 13
2023/12/21 14:00:23 [notice] 1#1: start worker process 14
2023/12/21 14:03:30 [notice] 1#1: signal 3 (SIGQUIT) received, shutting down
2023/12/21 14:03:30 [notice] 14#14: gracefully shutting down
2023/12/21 14:03:30 [notice] 9#9: gracefully shutting down
2023/12/21 14:03:30 [notice] 11#11: gracefully shutting down
2023/12/21 14:03:30 [notice] 11#11: exiting
2023/12/21 14:03:30 [notice] 10#10: gracefully shutting down
2023/12/21 14:03:30 [notice] 7#7: gracefully shutting down
2023/12/21 14:03:30 [notice] 7#7: exiting
2023/12/21 14:03:30 [notice] 8#8: gracefully shutting down
2023/12/21 14:03:30 [notice] 8#8: exiting
2023/12/21 14:03:30 [notice] 13#13: gracefully shutting down
2023/12/21 14:03:30 [notice] 12#12: gracefully shutting down
2023/12/21 14:03:30 [notice] 14#14: exiting
2023/12/21 14:03:30 [notice] 9#9: exiting
2023/12/21 14:03:30 [notice] 11#11: exit
2023/12/21 14:03:30 [notice] 10#10: exiting
2023/12/21 14:03:30 [notice] 7#7: exit
2023/12/21 14:03:30 [notice] 8#8: exit
2023/12/21 14:03:30 [notice] 13#13: exiting
2023/12/21 14:03:30 [notice] 12#12: exiting
2023/12/21 14:03:30 [notice] 14#14: exit
2023/12/21 14:03:30 [notice] 9#9: exit
2023/12/21 14:03:30 [notice] 10#10: exit
2023/12/21 14:03:30 [notice] 13#13: exit
2023/12/21 14:03:30 [notice] 12#12: exit
2023/12/21 14:03:30 [notice] 1#1: signal 17 (SIGCHLD) received from 14
2023/12/21 14:03:30 [notice] 1#1: worker process 14 exited with code 0
2023/12/21 14:03:30 [notice] 1#1: signal 29 (SIGIO) received
2023/12/21 14:03:30 [notice] 1#1: signal 17 (SIGCHLD) received from 7
2023/12/21 14:03:30 [notice] 1#1: worker process 7 exited with code 0
2023/12/21 14:03:30 [notice] 1#1: worker process 8 exited with code 0
2023/12/21 14:03:30 [notice] 1#1: worker process 9 exited with code 0
2023/12/21 14:03:30 [notice] 1#1: worker process 11 exited with code 0
2023/12/21 14:03:30 [notice] 1#1: worker process 12 exited with code 0
2023/12/21 14:03:30 [notice] 1#1: signal 17 (SIGCHLD) received from 8
2023/12/21 14:03:30 [notice] 1#1: signal 29 (SIGIO) received
2023/12/21 14:03:30 [notice] 1#1: signal 17 (SIGCHLD) received from 13
2023/12/21 14:03:30 [notice] 1#1: worker process 10 exited with code 0
2023/12/21 14:03:30 [notice] 1#1: worker process 13 exited with code 0
2023/12/21 14:03:30 [notice] 1#1: exit
2023/12/21 14:03:31 [notice] 1#1: using the "epoll" event method
2023/12/21 14:03:31 [notice] 1#1: nginx/1.25.3
2023/12/21 14:03:31 [notice] 1#1: built by gcc 12.2.0 (Debian 12.2.0-14) 
2023/12/21 14:03:31 [notice] 1#1: OS: Linux 6.5.11-linuxkit
2023/12/21 14:03:31 [notice] 1#1: getrlimit(RLIMIT_NOFILE): 1048576:1048576
2023/12/21 14:03:31 [notice] 1#1: start worker processes
2023/12/21 14:03:31 [notice] 1#1: start worker process 7
2023/12/21 14:03:31 [notice] 1#1: start worker process 8
2023/12/21 14:03:31 [notice] 1#1: start worker process 9
2023/12/21 14:03:31 [notice] 1#1: start worker process 10
2023/12/21 14:03:31 [notice] 1#1: start worker process 11
2023/12/21 14:03:31 [notice] 1#1: start worker process 12
2023/12/21 14:03:31 [notice] 1#1: start worker process 13
2023/12/21 14:03:31 [notice] 1#1: start worker process 14
2023/12/21 14:03:37 [notice] 1#1: signal 3 (SIGQUIT) received, shutting down
2023/12/21 14:03:37 [notice] 8#8: gracefully shutting down
2023/12/21 14:03:37 [notice] 8#8: exiting
2023/12/21 14:03:37 [notice] 11#11: gracefully shutting down
2023/12/21 14:03:37 [notice] 11#11: exiting
2023/12/21 14:03:37 [notice] 9#9: gracefully shutting down
2023/12/21 14:03:37 [notice] 13#13: gracefully shutting down
2023/12/21 14:03:37 [notice] 10#10: gracefully shutting down
2023/12/21 14:03:37 [notice] 12#12: gracefully shutting down
2023/12/21 14:03:37 [notice] 14#14: gracefully shutting down
2023/12/21 14:03:37 [notice] 7#7: gracefully shutting down
2023/12/21 14:03:37 [notice] 8#8: exit
2023/12/21 14:03:37 [notice] 9#9: exiting
2023/12/21 14:03:37 [notice] 11#11: exit
2023/12/21 14:03:37 [notice] 13#13: exiting
2023/12/21 14:03:37 [notice] 10#10: exiting
2023/12/21 14:03:37 [notice] 12#12: exiting
2023/12/21 14:03:37 [notice] 14#14: exiting
2023/12/21 14:03:37 [notice] 7#7: exiting
2023/12/21 14:03:37 [notice] 14#14: exit
2023/12/21 14:03:37 [notice] 9#9: exit
2023/12/21 14:03:37 [notice] 13#13: exit
2023/12/21 14:03:37 [notice] 12#12: exit
2023/12/21 14:03:37 [notice] 10#10: exit
2023/12/21 14:03:37 [notice] 7#7: exit
2023/12/21 14:03:37 [notice] 1#1: signal 17 (SIGCHLD) received from 8
2023/12/21 14:03:37 [notice] 1#1: worker process 8 exited with code 0
2023/12/21 14:03:37 [notice] 1#1: worker process 11 exited with code 0
2023/12/21 14:03:37 [notice] 1#1: signal 29 (SIGIO) received
2023/12/21 14:03:37 [notice] 1#1: signal 17 (SIGCHLD) received from 11
2023/12/21 14:03:37 [notice] 1#1: signal 17 (SIGCHLD) received from 7
2023/12/21 14:03:37 [notice] 1#1: worker process 7 exited with code 0
2023/12/21 14:03:37 [notice] 1#1: signal 29 (SIGIO) received
2023/12/21 14:03:37 [notice] 1#1: signal 17 (SIGCHLD) received from 14
2023/12/21 14:03:37 [notice] 1#1: worker process 14 exited with code 0
2023/12/21 14:03:37 [notice] 1#1: signal 29 (SIGIO) received
2023/12/21 14:03:37 [notice] 1#1: signal 17 (SIGCHLD) received from 13
2023/12/21 14:03:37 [notice] 1#1: worker process 10 exited with code 0
2023/12/21 14:03:37 [notice] 1#1: worker process 9 exited with code 0
2023/12/21 14:03:37 [notice] 1#1: worker process 12 exited with code 0
2023/12/21 14:03:37 [notice] 1#1: worker process 13 exited with code 0
2023/12/21 14:03:37 [notice] 1#1: exit
2023/12/21 14:03:38 [notice] 1#1: using the "epoll" event method
2023/12/21 14:03:38 [notice] 1#1: nginx/1.25.3
2023/12/21 14:03:38 [notice] 1#1: built by gcc 12.2.0 (Debian 12.2.0-14) 
2023/12/21 14:03:38 [notice] 1#1: OS: Linux 6.5.11-linuxkit
2023/12/21 14:03:38 [notice] 1#1: getrlimit(RLIMIT_NOFILE): 1048576:1048576
2023/12/21 14:03:38 [notice] 1#1: start worker processes
2023/12/21 14:03:38 [notice] 1#1: start worker process 7
2023/12/21 14:03:38 [notice] 1#1: start worker process 8
2023/12/21 14:03:38 [notice] 1#1: start worker process 9
2023/12/21 14:03:38 [notice] 1#1: start worker process 10
2023/12/21 14:03:38 [notice] 1#1: start worker process 11
2023/12/21 14:03:38 [notice] 1#1: start worker process 12
2023/12/21 14:03:38 [notice] 1#1: start worker process 13
2023/12/21 14:03:38 [notice] 1#1: start worker process 14
2023/12/21 14:03:41 [notice] 1#1: signal 3 (SIGQUIT) received, shutting down
2023/12/21 14:03:41 [notice] 8#8: gracefully shutting down
2023/12/21 14:03:41 [notice] 8#8: exiting
2023/12/21 14:03:41 [notice] 10#10: gracefully shutting down
2023/12/21 14:03:41 [notice] 7#7: gracefully shutting down
2023/12/21 14:03:41 [notice] 7#7: exiting
2023/12/21 14:03:41 [notice] 14#14: gracefully shutting down
2023/12/21 14:03:41 [notice] 13#13: gracefully shutting down
2023/12/21 14:03:41 [notice] 9#9: gracefully shutting down
2023/12/21 14:03:41 [notice] 9#9: exiting
2023/12/21 14:03:41 [notice] 11#11: gracefully shutting down
2023/12/21 14:03:41 [notice] 11#11: exiting
2023/12/21 14:03:41 [notice] 12#12: gracefully shutting down
2023/12/21 14:03:41 [notice] 12#12: exiting
2023/12/21 14:03:41 [notice] 10#10: exiting
2023/12/21 14:03:41 [notice] 8#8: exit
2023/12/21 14:03:41 [notice] 14#14: exiting
2023/12/21 14:03:41 [notice] 7#7: exit
2023/12/21 14:03:41 [notice] 13#13: exiting
2023/12/21 14:03:41 [notice] 9#9: exit
2023/12/21 14:03:41 [notice] 11#11: exit
2023/12/21 14:03:41 [notice] 12#12: exit
2023/12/21 14:03:41 [notice] 10#10: exit
2023/12/21 14:03:41 [notice] 14#14: exit
2023/12/21 14:03:41 [notice] 13#13: exit
2023/12/21 14:03:42 [notice] 1#1: signal 17 (SIGCHLD) received from 9
2023/12/21 14:03:42 [notice] 1#1: worker process 7 exited with code 0
2023/12/21 14:03:42 [notice] 1#1: worker process 8 exited with code 0
2023/12/21 14:03:42 [notice] 1#1: worker process 9 exited with code 0
2023/12/21 14:03:42 [notice] 1#1: signal 29 (SIGIO) received
2023/12/21 14:03:42 [notice] 1#1: signal 17 (SIGCHLD) received from 11
2023/12/21 14:03:42 [notice] 1#1: worker process 10 exited with code 0
2023/12/21 14:03:42 [notice] 1#1: worker process 11 exited with code 0
2023/12/21 14:03:42 [notice] 1#1: worker process 12 exited with code 0
2023/12/21 14:03:42 [notice] 1#1: worker process 13 exited with code 0
2023/12/21 14:03:42 [notice] 1#1: worker process 14 exited with code 0
2023/12/21 14:03:42 [notice] 1#1: exit
2023/12/21 14:03:42 [notice] 1#1: using the "epoll" event method
2023/12/21 14:03:42 [notice] 1#1: nginx/1.25.3
2023/12/21 14:03:42 [notice] 1#1: built by gcc 12.2.0 (Debian 12.2.0-14) 
2023/12/21 14:03:42 [notice] 1#1: OS: Linux 6.5.11-linuxkit
2023/12/21 14:03:42 [notice] 1#1: getrlimit(RLIMIT_NOFILE): 1048576:1048576
2023/12/21 14:03:42 [notice] 1#1: start worker processes
2023/12/21 14:03:42 [notice] 1#1: start worker process 7
2023/12/21 14:03:42 [notice] 1#1: start worker process 8
2023/12/21 14:03:42 [notice] 1#1: start worker process 9
2023/12/21 14:03:42 [notice] 1#1: start worker process 10
2023/12/21 14:03:42 [notice] 1#1: start worker process 11
2023/12/21 14:03:42 [notice] 1#1: start worker process 12
2023/12/21 14:03:42 [notice] 1#1: start worker process 13
2023/12/21 14:03:42 [notice] 1#1: start worker process 14
2023/12/21 14:03:58 [crit] 7#7: *2 connect() to unix:/tmp/php-cgi.socket failed (2: No such file or directory) while connecting to upstream, client: 192.168.65.1, server: www.the7ofdiamonds.development, request: "GET / HTTP/1.1", upstream: "fastcgi://unix:/tmp/php-cgi.socket:", host: "the7ofdiamonds.development"
2023/12/21 14:03:58 [warn] 7#7: *2 upstream server temporarily disabled while connecting to upstream, client: 192.168.65.1, server: www.the7ofdiamonds.development, request: "GET / HTTP/1.1", upstream: "fastcgi://unix:/tmp/php-cgi.socket:", host: "the7ofdiamonds.development"
2023/12/21 14:03:58 [error] 7#7: *2 connect() failed (111: Connection refused) while connecting to upstream, client: 192.168.65.1, server: www.the7ofdiamonds.development, request: "GET / HTTP/1.1", upstream: "fastcgi://172.18.0.3:80", host: "the7ofdiamonds.development"
2023/12/21 14:03:58 [warn] 7#7: *2 upstream server temporarily disabled while connecting to upstream, client: 192.168.65.1, server: www.the7ofdiamonds.development, request: "GET / HTTP/1.1", upstream: "fastcgi://172.18.0.3:80", host: "the7ofdiamonds.development"
2023/12/21 14:04:38 [notice] 1#1: signal 3 (SIGQUIT) received, shutting down
2023/12/21 14:04:38 [notice] 7#7: gracefully shutting down
2023/12/21 14:04:38 [notice] 12#12: gracefully shutting down
2023/12/21 14:04:38 [notice] 10#10: gracefully shutting down
2023/12/21 14:04:38 [notice] 8#8: gracefully shutting down
2023/12/21 14:04:38 [notice] 9#9: gracefully shutting down
2023/12/21 14:04:38 [notice] 11#11: gracefully shutting down
2023/12/21 14:04:38 [notice] 14#14: gracefully shutting down
2023/12/21 14:04:38 [notice] 13#13: gracefully shutting down
2023/12/21 14:04:38 [notice] 12#12: exiting
2023/12/21 14:04:38 [notice] 7#7: exiting
2023/12/21 14:04:38 [notice] 10#10: exiting
2023/12/21 14:04:38 [notice] 8#8: exiting
2023/12/21 14:04:38 [notice] 9#9: exiting
2023/12/21 14:04:38 [notice] 11#11: exiting
2023/12/21 14:04:38 [notice] 14#14: exiting
2023/12/21 14:04:38 [notice] 13#13: exiting
2023/12/21 14:04:38 [notice] 7#7: exit
2023/12/21 14:04:38 [notice] 12#12: exit
2023/12/21 14:04:38 [notice] 10#10: exit
2023/12/21 14:04:38 [notice] 9#9: exit
2023/12/21 14:04:38 [notice] 8#8: exit
2023/12/21 14:04:38 [notice] 11#11: exit
2023/12/21 14:04:38 [notice] 14#14: exit
2023/12/21 14:04:38 [notice] 13#13: exit
2023/12/21 14:04:38 [notice] 1#1: signal 17 (SIGCHLD) received from 14
2023/12/21 14:04:38 [notice] 1#1: worker process 8 exited with code 0
2023/12/21 14:04:38 [notice] 1#1: worker process 14 exited with code 0
2023/12/21 14:04:38 [notice] 1#1: signal 29 (SIGIO) received
2023/12/21 14:04:38 [notice] 1#1: signal 17 (SIGCHLD) received from 8
2023/12/21 14:04:38 [notice] 1#1: signal 17 (SIGCHLD) received from 12
2023/12/21 14:04:38 [notice] 1#1: worker process 7 exited with code 0
2023/12/21 14:04:38 [notice] 1#1: worker process 9 exited with code 0
2023/12/21 14:04:38 [notice] 1#1: worker process 10 exited with code 0
2023/12/21 14:04:38 [notice] 1#1: worker process 11 exited with code 0
2023/12/21 14:04:38 [notice] 1#1: worker process 12 exited with code 0
2023/12/21 14:04:38 [notice] 1#1: signal 29 (SIGIO) received
2023/12/21 14:04:38 [notice] 1#1: signal 17 (SIGCHLD) received from 11
2023/12/21 14:04:38 [notice] 1#1: signal 17 (SIGCHLD) received from 13
2023/12/21 14:04:38 [notice] 1#1: worker process 13 exited with code 0
2023/12/21 14:04:38 [notice] 1#1: exit
2023/12/21 14:04:38 [notice] 1#1: using the "epoll" event method
2023/12/21 14:04:38 [notice] 1#1: nginx/1.25.3
2023/12/21 14:04:38 [notice] 1#1: built by gcc 12.2.0 (Debian 12.2.0-14) 
2023/12/21 14:04:38 [notice] 1#1: OS: Linux 6.5.11-linuxkit
2023/12/21 14:04:38 [notice] 1#1: getrlimit(RLIMIT_NOFILE): 1048576:1048576
2023/12/21 14:04:38 [notice] 1#1: start worker processes
2023/12/21 14:04:38 [notice] 1#1: start worker process 7
2023/12/21 14:04:38 [notice] 1#1: start worker process 8
2023/12/21 14:04:38 [notice] 1#1: start worker process 9
2023/12/21 14:04:38 [notice] 1#1: start worker process 10
2023/12/21 14:04:38 [notice] 1#1: start worker process 11
2023/12/21 14:04:38 [notice] 1#1: start worker process 12
2023/12/21 14:04:38 [notice] 1#1: start worker process 13
2023/12/21 14:04:38 [notice] 1#1: start worker process 14
2023/12/21 14:04:45 [crit] 7#7: *1 connect() to unix:/tmp/php-cgi.socket failed (2: No such file or directory) while connecting to upstream, client: 192.168.65.1, server: www.the7ofdiamonds.development, request: "GET / HTTP/1.1", upstream: "fastcgi://unix:/tmp/php-cgi.socket:", host: "the7ofdiamonds.development"
2023/12/21 14:04:45 [warn] 7#7: *1 upstream server temporarily disabled while connecting to upstream, client: 192.168.65.1, server: www.the7ofdiamonds.development, request: "GET / HTTP/1.1", upstream: "fastcgi://unix:/tmp/php-cgi.socket:", host: "the7ofdiamonds.development"
2023/12/21 14:08:54 [notice] 1#1: signal 3 (SIGQUIT) received, shutting down
2023/12/21 14:08:54 [notice] 7#7: gracefully shutting down
2023/12/21 14:08:54 [notice] 12#12: gracefully shutting down
2023/12/21 14:08:54 [notice] 8#8: gracefully shutting down
2023/12/21 14:08:54 [notice] 11#11: gracefully shutting down
2023/12/21 14:08:54 [notice] 9#9: gracefully shutting down
2023/12/21 14:08:54 [notice] 9#9: exiting
2023/12/21 14:08:54 [notice] 14#14: gracefully shutting down
2023/12/21 14:08:54 [notice] 13#13: gracefully shutting down
2023/12/21 14:08:54 [notice] 10#10: gracefully shutting down
2023/12/21 14:08:54 [notice] 7#7: exiting
2023/12/21 14:08:54 [notice] 12#12: exiting
2023/12/21 14:08:54 [notice] 8#8: exiting
2023/12/21 14:08:54 [notice] 8#8: exit
2023/12/21 14:08:54 [notice] 11#11: exiting
2023/12/21 14:08:54 [notice] 14#14: exiting
2023/12/21 14:08:54 [notice] 9#9: exit
2023/12/21 14:08:54 [notice] 13#13: exiting
2023/12/21 14:08:54 [notice] 10#10: exiting
2023/12/21 14:08:54 [notice] 7#7: exit
2023/12/21 14:08:54 [notice] 10#10: exit
2023/12/21 14:08:54 [notice] 12#12: exit
2023/12/21 14:08:54 [notice] 11#11: exit
2023/12/21 14:08:54 [notice] 14#14: exit
2023/12/21 14:08:54 [notice] 13#13: exit
2023/12/21 14:08:54 [notice] 1#1: signal 17 (SIGCHLD) received from 8
2023/12/21 14:08:54 [notice] 1#1: worker process 8 exited with code 0
2023/12/21 14:08:54 [notice] 1#1: worker process 9 exited with code 0
2023/12/21 14:08:54 [notice] 1#1: signal 29 (SIGIO) received
2023/12/21 14:08:54 [notice] 1#1: signal 17 (SIGCHLD) received from 9
2023/12/21 14:08:54 [notice] 1#1: worker process 10 exited with code 0
2023/12/21 14:08:54 [notice] 1#1: worker process 12 exited with code 0
2023/12/21 14:08:54 [notice] 1#1: worker process 13 exited with code 0
2023/12/21 14:08:54 [notice] 1#1: signal 29 (SIGIO) received
2023/12/21 14:08:54 [notice] 1#1: signal 17 (SIGCHLD) received from 10
2023/12/21 14:08:54 [notice] 1#1: worker process 11 exited with code 0
2023/12/21 14:08:54 [notice] 1#1: worker process 7 exited with code 0
2023/12/21 14:08:54 [notice] 1#1: worker process 14 exited with code 0
2023/12/21 14:08:54 [notice] 1#1: exit
